<?xml version="1.0" encoding="UTF-8"?>
<!-- Generated by org.testng.reporters.JUnitReportReporter -->
<testsuite skipped="0" hostname="CHEQL0094" name="SimpleProgram.GitLabCI$G3PhantomJS" tests="1" failures="0" timestamp="16 Jan 2019 13:33:49 GMT" time="15.406" errors="0">
  <testcase name="PhantomJS" time="15.406" classname="SimpleProgram.GitLabCI$G3PhantomJS"/>
</testsuite> <!-- SimpleProgram.GitLabCI$G3PhantomJS -->
